Arguments: 
  /usr/local/Cellar/node/9.2.1/bin/node /usr/local/Cellar/yarn/1.3.2/libexec/bin/yarn.js dev

PATH: 
  /Users/jameshamann/.rvm/gems/ruby-2.3.0/bin:/Users/jameshamann/.rvm/gems/ruby-2.3.0@global/bin:/Users/jameshamann/.rvm/rubies/ruby-2.3.0/bin:/Library/Frameworks/Python.framework/Versions/3.6/bin:/usr/local/bin:/usr/bin:/bin:/usr/sbin:/sbin:/Users/jameshamann/Library/Android/sdk/tools:/Users/jameshamann/Library/Android/sdk/platform-tools:/Users/jameshamann/.rvm/bin

Yarn version: 
  1.3.2

Node version: 
  9.2.1

Platform: 
  darwin x64

npm manifest: 
  {
    "name": "Smart Mirror App",
    "version": "0.1.0",
    "private": true,
    "scripts": {
      "dev": "cd client && yarn start && cd .. && cd react-backend && npm start",
    }
  }

yarn manifest: 
  No manifest

Lockfile: 
  No lockfile

Trace: 
  SyntaxError: /Users/jameshamann/Documents/Development/smart-mirror/package.json: Unexpected token } in JSON at position 170
      at JSON.parse (<anonymous>)
      at /usr/local/Cellar/yarn/1.3.2/libexec/lib/cli.js:770:59
      at Generator.next (<anonymous>)
      at step (/usr/local/Cellar/yarn/1.3.2/libexec/lib/cli.js:92:30)
      at /usr/local/Cellar/yarn/1.3.2/libexec/lib/cli.js:103:13
      at <anonymous>
